2023-03-12 23:39:54,097 - org.app.Calculator [runService] - (INFO) || Operation on 3 and 4 ==> 7 || 
2023-03-12 23:40:02,613 - org.app.Calculator [runService] - (INFO) || Operation on 3 and 4 ==> 7 || 
2023-03-12 23:40:02,613 - org.app.Calculator [runService] - (INFO) Exited... 
2023-03-18 09:58:59,083 - org.app.CalculatorOperations [add] - (INFO) [ADDITION of 3.0 AND 4.0][RESULT : 7.0] 
2023-03-18 09:59:25,817 - org.app.CalculatorOperations [divide] - (INFO) [DIVISION of 3.0 AND 0.0][RESULT : Infinity] 
2023-03-18 10:00:07,676 - org.app.CalculatorOperations [power] - (INFO) [POWER of 2.0 AND -1.0][RESULT : 0.5] 
2023-03-18 10:21:03,154 - org.app.CalculatorOperations [subtract] - (INFO) [SUBTRACTION of 4.0 AND 4.0][RESULT : 0.0] 
2023-03-18 10:21:03,156 - org.app.CalculatorOperations [subtract] - (INFO) [SUBTRACTION of -4.0 AND -4.0][RESULT : 0.0] 
2023-03-18 10:21:03,156 - org.app.CalculatorOperations [subtract] - (INFO) [SUBTRACTION of 4.0 AND 8.0][RESULT : -4.0] 
2023-03-18 10:21:03,157 - org.app.CalculatorOperations [divide] - (INFO) [DIVISION of 10.0 AND 5.0][RESULT : 2.0] 
2023-03-18 10:21:03,157 - org.app.CalculatorOperations [divide] - (INFO) [DIVISION of 1.0 AND 0.0][RESULT : Infinity] 
2023-03-18 10:21:03,157 - org.app.CalculatorOperations [divide] - (INFO) [DIVISION of -1.0 AND 0.0][RESULT : -Infinity] 
2023-03-18 10:21:03,158 - org.app.CalculatorOperations [squareRoot] - (INFO) [SQUARE-ROOT of 5.0][RESULT : 2.23606797749979] 
2023-03-18 10:21:03,159 - org.app.CalculatorOperations [squareRoot] - (INFO) [SQUARE-ROOT of -4.0][RESULT : NaN] 
2023-03-18 10:21:03,159 - org.app.CalculatorOperations [naturalLog] - (INFO) [NATURAL-LOG of 0.0][RESULT : -Infinity] 
2023-03-18 10:21:03,159 - org.app.CalculatorOperations [multiply] - (INFO) [MULTIPLICATION of 10.0 AND 0.0][RESULT : 0.0] 
2023-03-18 10:21:03,160 - org.app.CalculatorOperations [multiply] - (INFO) [MULTIPLICATION of 5.0 AND 1.0][RESULT : 5.0] 
2023-03-18 10:21:03,160 - org.app.CalculatorOperations [add] - (INFO) [ADDITION of 8.0 AND 2.0][RESULT : 10.0] 
2023-03-18 10:21:03,160 - org.app.CalculatorOperations [add] - (INFO) [ADDITION of 5.0 AND 5.0][RESULT : 10.0] 
2023-03-18 10:21:03,161 - org.app.CalculatorOperations [power] - (INFO) [POWER of 4.0 AND 2.0][RESULT : 16.0] 
2023-03-18 10:21:03,161 - org.app.CalculatorOperations [power] - (INFO) [POWER of 1.0 AND 0.0][RESULT : 1.0] 
2023-03-18 10:21:03,161 - org.app.CalculatorOperations [power] - (INFO) [POWER of -2.0 AND -0.99][RESULT : NaN] 
2023-03-18 10:21:03,161 - org.app.CalculatorOperations [power] - (INFO) [POWER of -2.0 AND -3.0][RESULT : -0.125] 
2023-03-18 10:21:03,161 - org.app.CalculatorOperations [multiply] - (INFO) [MULTIPLICATION of 0.0 AND 1.0][RESULT : 0.0] 
2023-03-18 10:21:03,162 - org.app.CalculatorOperations [multiply] - (INFO) [MULTIPLICATION of 5.0 AND 2.0][RESULT : 10.0] 
2023-03-18 10:21:03,162 - org.app.CalculatorOperations [add] - (INFO) [ADDITION of 2.0 AND 5.0][RESULT : 7.0] 
2023-03-18 10:21:03,162 - org.app.CalculatorOperations [add] - (INFO) [ADDITION of 4.0 AND 4.0][RESULT : 8.0] 
2023-03-18 10:21:03,162 - org.app.CalculatorOperations [naturalLog] - (INFO) [NATURAL-LOG of 2.718281828459045][RESULT : 1.0] 
2023-03-18 10:21:03,162 - org.app.CalculatorOperations [naturalLog] - (INFO) [NATURAL-LOG of 23.56][RESULT : 3.159550358783386] 
2023-03-18 10:21:03,162 - org.app.CalculatorOperations [naturalLog] - (INFO) [NATURAL-LOG of 0.0][RESULT : -Infinity] 
2023-03-18 10:21:03,162 - org.app.CalculatorOperations [naturalLog] - (INFO) [NATURAL-LOG of 0.0][RESULT : -Infinity] 
2023-03-18 10:21:03,163 - org.app.CalculatorOperations [subtract] - (INFO) [SUBTRACTION of 10.0 AND 2.0][RESULT : 8.0] 
2023-03-18 10:21:03,163 - org.app.CalculatorOperations [subtract] - (INFO) [SUBTRACTION of 16.0 AND -2.0][RESULT : 18.0] 
2023-03-18 10:21:03,166 - org.app.CalculatorOperations [factorial] - (INFO) [FACTORIAL of 0][RESULT : 120] 
2023-03-18 10:21:03,166 - org.app.CalculatorOperations [factorial] - (INFO) [FACTORIAL of 0][RESULT : 1] 
2023-03-18 10:21:03,166 - org.app.CalculatorOperations [factorial] - (INFO) [FACTORIAL of 0][RESULT : 1] 
2023-03-18 10:21:03,166 - org.app.CalculatorOperations [power] - (INFO) [POWER of -4.0 AND -0.5][RESULT : NaN] 
2023-03-18 10:21:03,166 - org.app.CalculatorOperations [divide] - (INFO) [DIVISION of 6.0 AND 3.0][RESULT : 2.0] 
2023-03-18 10:21:03,166 - org.app.CalculatorOperations [divide] - (INFO) [DIVISION of 6.0 AND 0.0][RESULT : Infinity] 
2023-03-18 10:21:03,167 - org.app.CalculatorOperations [squareRoot] - (INFO) [SQUARE-ROOT of 16.0][RESULT : 4.0] 
2023-03-18 10:21:03,167 - org.app.CalculatorOperations [squareRoot] - (INFO) [SQUARE-ROOT of 1564.564][RESULT : 39.554569900328836] 
2023-03-18 10:21:03,167 - org.app.CalculatorOperations [squareRoot] - (INFO) [SQUARE-ROOT of -2.0][RESULT : NaN] 
2023-03-18 10:21:33,931 - org.app.CalculatorOperations [add] - (INFO) [ADDITION of 1.0 AND 2.0][RESULT : 3.0] 
2023-03-18 10:21:53,653 - org.app.CalculatorOperations [naturalLog] - (INFO) [NATURAL-LOG of 3.0][RESULT : 1.0986122886681098] 
2023-03-18 10:22:00,569 - org.app.CalculatorOperations [subtract] - (INFO) [SUBTRACTION of 2.0 AND 3.0][RESULT : -1.0] 
2023-03-18 10:22:05,109 - org.app.CalculatorOperations [add] - (INFO) [ADDITION of 2.0 AND 3.0][RESULT : 5.0] 
2023-03-18 10:22:36,686 - org.app.CalculatorOperations [power] - (INFO) [POWER of 7.0 AND 3.0][RESULT : 343.0] 
2023-03-18 10:22:47,147 - org.app.CalculatorOperations [power] - (INFO) [POWER of -9.0 AND 6.0][RESULT : 531441.0] 
2023-03-18 10:23:06,521 - org.app.CalculatorOperations [power] - (INFO) [POWER of -9.0 AND -0.7][RESULT : NaN] 
2023-03-18 10:23:18,013 - org.app.CalculatorOperations [power] - (INFO) [POWER of -9.0 AND 0.7][RESULT : NaN] 
2023-03-18 10:23:23,340 - org.app.CalculatorOperations [factorial] - (INFO) [FACTORIAL of 0][RESULT : 720] 
2023-03-18 10:23:30,346 - org.app.CalculatorOperations [multiply] - (INFO) [MULTIPLICATION of 3.0 AND 4.0][RESULT : 12.0] 
2023-03-18 10:23:34,452 - org.app.CalculatorOperations [divide] - (INFO) [DIVISION of 4.0 AND 9.0][RESULT : 0.4444444444444444] 
2023-03-18 10:23:41,444 - org.app.CalculatorOperations [squareRoot] - (INFO) [SQUARE-ROOT of 6.0][RESULT : 2.449489742783178] 
2023-03-18 10:23:47,733 - org.app.CalculatorOperations [squareRoot] - (INFO) [SQUARE-ROOT of -5.0][RESULT : NaN] 
